<!DOCTYPE html PUBLIC "-//W3C//DTD XHTML 1.1//EN" "https://www.w3.org/TR/xhtml11/DTD/xhtml11.dtd">
<html xmlns="https://www.w3.org/1999/xhtml">
<head>
<meta http-equiv="content-type" content="text/html; charset=UTF-8"/>
<title>TestNG Report</title>
<style type="text/css">table {margin-bottom:10px;border-collapse:collapse;empty-cells:show}th,td {border:1px solid #009;padding:.25em .5em}th {vertical-align:bottom}td {vertical-align:top}table a {font-weight:bold}.stripe td {background-color: #E6EBF9}.num {text-align:right}.passedodd td {background-color: #3F3}.passedeven td {background-color: #0A0}.skippedodd td {background-color: #DDD}.skippedeven td {background-color: #CCC}.failedodd td,.attn {background-color: #F33}.failedeven td,.stripe .attn {background-color: #D00}.stacktrace {white-space:pre;font-family:monospace}.totop {font-size:85%;text-align:center;border-bottom:2px solid #000}.invisible {display:none}</style>
</head>
<body>
<table>
<tr><th>Test</th><th># Passed</th><th># Skipped</th><th># Retried</th><th># Failed</th><th>Time (ms)</th><th>Included Groups</th><th>Excluded Groups</th></tr>
<tr><th colspan="8">Все тесты</th></tr>
<tr><td><a href="#t0">test</a></td><td class="num">3</td><td class="num">0</td><td class="num">0</td><td class="num attn">4</td><td class="num">140 962</td><td></td><td></td></tr>
</table>
<table id='summary'><thead><tr><th>Class</th><th>Method</th><th>Start</th><th>Time (ms)</th></tr></thead><tbody><tr><th colspan="4">Все тесты</th></tr></tbody><tbody id="t0"><tr><th colspan="4">test &#8212; failed</th></tr><tr class="failedeven"><td rowspan="3">tests.HomeTests</td><td><a href="#m0">checkHeaderButtonsActiveAndDisplayed</a></td><td rowspan="1">1682074110672</td><td rowspan="1">3459</td></tr><tr class="failedeven"><td><a href="#m1">checkMultipleProductsHaveBeenAddedToCart</a></td><td rowspan="1">1682074119166</td><td rowspan="1">14611</td></tr><tr class="failedeven"><td><a href="#m2">checkThatProductsAddedToCartWithRequiredQuantityAfterRemove</a></td><td rowspan="1">1682074152855</td><td rowspan="1">31837</td></tr><tr class="failedodd"><td rowspan="1">tests.ShoppingCartTests</td><td><a href="#m3">checkTransitionToShoppingCart</a></td><td rowspan="1">1682074083628</td><td rowspan="1">21006</td></tr><tr><th colspan="4">test &#8212; passed</th></tr><tr class="passedeven"><td rowspan="1">tests.HomeTests</td><td><a href="#m4">checkOpenProductFromMostView</a></td><td rowspan="1">1682074138848</td><td rowspan="1">9678</td></tr><tr class="passedodd"><td rowspan="1">tests.ListingTests</td><td><a href="#m5">checkSortProducts</a></td><td rowspan="1">1682074189474</td><td rowspan="1">8951</td></tr><tr class="passedeven"><td rowspan="1">tests.ShoppingCartTests</td><td><a href="#m6">checkMultipleProductsHaveBeenAddedToCart</a></td><td rowspan="1">1682074064498</td><td rowspan="1">14481</td></tr></tbody>
</table>
<h2>test</h2><h3 id="m0">tests.HomeTests#checkHeaderButtonsActiveAndDisplayed</h3><table class="result"><tr><th>Exception</th></tr><tr><td><div class="stacktrace">java.lang.AssertionError: expected [false] but found [true]
	at steps.baseSteps.HeaderSteps.checkIfHeaderCartButtonActive(HeaderSteps.java:43)
	at tests.HomeTests.checkHeaderButtonsActiveAndDisplayed(HomeTests.java:29)
	at java.base/java.util.ArrayList.forEach(ArrayList.java:1511)
... Removed 34 stack frames</div></td></tr></table><p class="totop"><a href="#summary">back to summary</a></p>
<h3 id="m1">tests.HomeTests#checkMultipleProductsHaveBeenAddedToCart</h3><table class="result"><tr><th>Exception</th></tr><tr><td><div class="stacktrace">java.lang.AssertionError: expected [true] but found [false]
	at steps.baseSteps.BaseSteps.checkThatCartTooltipProductDisplayed(BaseSteps.java:133)
	at tests.HomeTests.checkMultipleProductsHaveBeenAddedToCart(HomeTests.java:42)
	at java.base/java.util.ArrayList.forEach(ArrayList.java:1511)
... Removed 32 stack frames</div></td></tr></table><p class="totop"><a href="#summary">back to summary</a></p>
<h3 id="m2">tests.HomeTests#checkThatProductsAddedToCartWithRequiredQuantityAfterRemove</h3><table class="result"><tr><th>Exception</th></tr><tr><td><div class="stacktrace">Element not found {By.xpath: //div[contains(@class, &apos;item-wrapper&apos;)][.//a[text()=&apos;Ноутбук игровой ASUS TUF Gaming A15 FA506IHR-US51 90NR07G6-M004F0&apos;]]}
Expected: exist
Screenshot: file:/C:/Users/dspakhomov/IdeaProjects/Mvideo-autotests/build/reports/tests/1682074183993.4.png
Page source: file:/C:/Users/dspakhomov/IdeaProjects/Mvideo-autotests/build/reports/tests/1682074183993.4.html
Timeout: 20 s.
Caused by: NoSuchElementException: no such element: Unable to locate element: {&quot;method&quot;:&quot;xpath&quot;,&quot;selector&quot;:&quot;//div[contains(@class, &apos;item-wrapper&apos;)][.//a[text()=&apos;Ноутбук игровой ASUS TUF Gaming A15 FA506IHR-US51 90NR07G6-M004F0&apos;]]&quot;}
	at com.codeborne.selenide.impl.WebElementSource.createElementNotFoundError(WebElementSource.java:87)
	at com.codeborne.selenide.impl.ElementFinder.createElementNotFoundError(ElementFinder.java:122)
	at com.codeborne.selenide.impl.ExceptionWrapper.wrap(ExceptionWrapper.java:32)
	at com.codeborne.selenide.impl.SelenideElementProxy.dispatchAndRetry(SelenideElementProxy.java:151)
	at com.codeborne.selenide.impl.SelenideElementProxy.invoke(SelenideElementProxy.java:81)
	at jdk.proxy2/jdk.proxy2.$Proxy15.hover(Unknown Source)
	at pages.common.WebElement.hover(WebElement.java:127)
	at pages.common.ShoppingCartTooltipBlock.hoverProductContainer(ShoppingCartTooltipBlock.java:29)
	at steps.baseSteps.BaseSteps.hoverProductContainerInCartTooltip(BaseSteps.java:118)
	at tests.HomeTests.checkThatProductsAddedToCartWithRequiredQuantityAfterRemove(HomeTests.java:55)
	at java.base/java.util.ArrayList.forEach(ArrayList.java:1511)
Caused by: org.openqa.selenium.NoSuchElementException: no such element: Unable to locate element: {&quot;method&quot;:&quot;xpath&quot;,&quot;selector&quot;:&quot;//div[contains(@class, &apos;item-wrapper&apos;)][.//a[text()=&apos;Ноутбук игровой ASUS TUF Gaming A15 FA506IHR-US51 90NR07G6-M004F0&apos;]]&quot;}
  (Session info: chrome=110.0.5481.77)
For documentation on this error, please visit: https://selenium.dev/exceptions/#no_such_element
Build info: version: &apos;4.4.0&apos;, revision: &apos;e5c75ed026a&apos;
System info: host: &apos;5CD15013FY&apos;, ip: &apos;192.168.1.36&apos;, os.name: &apos;Windows 10&apos;, os.arch: &apos;amd64&apos;, os.version: &apos;10.0&apos;, java.version: &apos;18.0.2&apos;
Driver info: org.openqa.selenium.remote.RemoteWebDriver
Command: [0d9e406d8ccdaf8c58837fc9d88f4efb, findElement {using=xpath, value=//div[contains(@class, &apos;item-wrapper&apos;)][.//a[text()=&apos;Ноутбук игровой ASUS TUF Gaming A15 FA506IHR-US51 90NR07G6-M004F0&apos;]]}]
Capabilities {acceptInsecureCerts: true, browserName: chrome, browserVersion: 110.0.5481.77, chrome: {chromedriverVersion: 110.0.5481.77 (65ed616c6e8e..., userDataDir: /tmp/.com.google.Chrome.MM9Tq0}, goog:chromeOptions: {debuggerAddress: localhost:45217}, networkConnectionEnabled: false, pageLoadStrategy: normal, platformName: LINUX, proxy: Proxy(), setWindowRect: true, strictFileInteractability: false, timeouts: {implicit: 0, pageLoad: 300000, script: 30000}, unhandledPromptBehavior: accept, webauthn:extension:credBlob: true, webauthn:extension:largeBlob: true, webauthn:virtualAuthenticators: true}
Session ID: 0d9e406d8ccdaf8c58837fc9d88f4efb
	at org.openqa.selenium.remote.codec.w3c.W3CHttpResponseCodec.createException(W3CHttpResponseCodec.java:200)
	at org.openqa.selenium.remote.codec.w3c.W3CHttpResponseCodec.decode(W3CHttpResponseCodec.java:133)
	at org.openqa.selenium.remote.codec.w3c.W3CHttpResponseCodec.decode(W3CHttpResponseCodec.java:53)
	at org.openqa.selenium.remote.HttpCommandExecutor.execute(HttpCommandExecutor.java:184)
	at org.openqa.selenium.remote.RemoteWebDriver.execute(RemoteWebDriver.java:547)
	at org.openqa.selenium.remote.ElementLocation$ElementFinder$2.findElement(ElementLocation.java:162)
	at org.openqa.selenium.remote.ElementLocation.findElement(ElementLocation.java:60)
	at org.openqa.selenium.remote.RemoteWebDriver.findElement(RemoteWebDriver.java:365)
	at org.openqa.selenium.remote.RemoteWebDriver.findElement(RemoteWebDriver.java:357)
	at com.codeborne.selenide.impl.WebElementSelector.findElement(WebElementSelector.java:70)
	at com.codeborne.selenide.impl.WebElementSelector.findElement(WebElementSelector.java:44)
	at com.codeborne.selenide.impl.WebElementSelector.findElement(WebElementSelector.java:33)
	at com.codeborne.selenide.impl.ElementFinder.getWebElement(ElementFinder.java:102)
	at com.codeborne.selenide.commands.Hover.execute(Hover.java:21)
	at com.codeborne.selenide.commands.Hover.execute(Hover.java:16)
	at com.codeborne.selenide.commands.Commands.execute(Commands.java:157)
	at com.codeborne.selenide.impl.SelenideElementProxy.dispatchAndRetry(SelenideElementProxy.java:129)
	... 35 more
... Removed 31 stack frames</div></td></tr></table><p class="totop"><a href="#summary">back to summary</a></p>
<h3 id="m3">tests.ShoppingCartTests#checkTransitionToShoppingCart</h3><table class="result"><tr><th>Exception</th></tr><tr><td><div class="stacktrace">Element not found {By.xpath: //div[@class=&apos;layout__header&apos;]/By.xpath: .//mvid-header-icon[@title=&apos;Корзина&apos;]//mvid-bubble}
Expected: exist
Screenshot: file:/C:/Users/dspakhomov/IdeaProjects/Mvideo-autotests/build/reports/tests/1682074104004.0.png
Page source: file:/C:/Users/dspakhomov/IdeaProjects/Mvideo-autotests/build/reports/tests/1682074104004.0.html
Timeout: 20 s.
Caused by: NoSuchElementException: no such element: Unable to locate element: {&quot;method&quot;:&quot;xpath&quot;,&quot;selector&quot;:&quot;.//mvid-header-icon[@title=&apos;Корзина&apos;]//mvid-bubble&quot;}
	at com.codeborne.selenide.impl.WebElementSource.createElementNotFoundError(WebElementSource.java:87)
	at com.codeborne.selenide.impl.ElementFinder.createElementNotFoundError(ElementFinder.java:122)
	at com.codeborne.selenide.impl.ExceptionWrapper.wrap(ExceptionWrapper.java:32)
	at com.codeborne.selenide.impl.SelenideElementProxy.dispatchAndRetry(SelenideElementProxy.java:151)
	at com.codeborne.selenide.impl.SelenideElementProxy.invoke(SelenideElementProxy.java:81)
	at jdk.proxy2/jdk.proxy2.$Proxy15.getText(Unknown Source)
	at pages.common.WebElement.getText(WebElement.java:167)
	at pages.common.HeaderBlock.getCartButtonCountNumber(HeaderBlock.java:99)
	at steps.baseSteps.HeaderSteps.checkHeaderCartButtonCountNumber(HeaderSteps.java:76)
	at tests.ShoppingCartTests.checkTransitionToShoppingCart(ShoppingCartTests.java:21)
	at java.base/java.util.ArrayList.forEach(ArrayList.java:1511)
Caused by: org.openqa.selenium.NoSuchElementException: no such element: Unable to locate element: {&quot;method&quot;:&quot;xpath&quot;,&quot;selector&quot;:&quot;.//mvid-header-icon[@title=&apos;Корзина&apos;]//mvid-bubble&quot;}
  (Session info: chrome=110.0.5481.77)
For documentation on this error, please visit: https://selenium.dev/exceptions/#no_such_element
Build info: version: &apos;4.4.0&apos;, revision: &apos;e5c75ed026a&apos;
System info: host: &apos;5CD15013FY&apos;, ip: &apos;192.168.1.36&apos;, os.name: &apos;Windows 10&apos;, os.arch: &apos;amd64&apos;, os.version: &apos;10.0&apos;, java.version: &apos;18.0.2&apos;
Driver info: org.openqa.selenium.remote.RemoteWebDriver
Command: [903b982f295cb8f1b32ec52e5f2f8399, findChildElement {id=900663d0-7842-4bb9-a60f-fbe719357934, using=xpath, value=.//mvid-header-icon[@title=&apos;Корзина&apos;]//mvid-bubble}]
Capabilities {acceptInsecureCerts: true, browserName: chrome, browserVersion: 110.0.5481.77, chrome: {chromedriverVersion: 110.0.5481.77 (65ed616c6e8e..., userDataDir: /tmp/.com.google.Chrome.R1sDDh}, goog:chromeOptions: {debuggerAddress: localhost:44109}, networkConnectionEnabled: false, pageLoadStrategy: normal, platformName: LINUX, proxy: Proxy(), setWindowRect: true, strictFileInteractability: false, timeouts: {implicit: 0, pageLoad: 300000, script: 30000}, unhandledPromptBehavior: accept, webauthn:extension:credBlob: true, webauthn:extension:largeBlob: true, webauthn:virtualAuthenticators: true}
Session ID: 903b982f295cb8f1b32ec52e5f2f8399
	at org.openqa.selenium.remote.codec.w3c.W3CHttpResponseCodec.createException(W3CHttpResponseCodec.java:200)
	at org.openqa.selenium.remote.codec.w3c.W3CHttpResponseCodec.decode(W3CHttpResponseCodec.java:133)
	at org.openqa.selenium.remote.codec.w3c.W3CHttpResponseCodec.decode(W3CHttpResponseCodec.java:53)
	at org.openqa.selenium.remote.HttpCommandExecutor.execute(HttpCommandExecutor.java:184)
	at org.openqa.selenium.remote.RemoteWebDriver.execute(RemoteWebDriver.java:547)
	at org.openqa.selenium.remote.ElementLocation$ElementFinder$2.findElement(ElementLocation.java:162)
	at org.openqa.selenium.remote.ElementLocation.findElement(ElementLocation.java:60)
	at org.openqa.selenium.remote.RemoteWebDriver.findElement(RemoteWebDriver.java:365)
	at org.openqa.selenium.remote.RemoteWebElement.findElement(RemoteWebElement.java:227)
	at com.codeborne.selenide.impl.WebElementSelector.findElement(WebElementSelector.java:70)
	at com.codeborne.selenide.impl.WebElementSelector.findElement(WebElementSelector.java:44)
	at com.codeborne.selenide.impl.WebElementSelector.findElement(WebElementSelector.java:33)
	at com.codeborne.selenide.impl.ElementFinder.getWebElement(ElementFinder.java:102)
	at com.codeborne.selenide.commands.GetText.execute(GetText.java:29)
	at com.codeborne.selenide.commands.GetText.execute(GetText.java:13)
	at com.codeborne.selenide.commands.Commands.execute(Commands.java:157)
	at com.codeborne.selenide.impl.SelenideElementProxy.dispatchAndRetry(SelenideElementProxy.java:129)
	... 35 more
... Removed 31 stack frames</div></td></tr></table><p class="totop"><a href="#summary">back to summary</a></p>
<h3 id="m4">tests.HomeTests#checkOpenProductFromMostView</h3><table class="result"><tr><th class="invisible"/></tr></table><p class="totop"><a href="#summary">back to summary</a></p>
<h3 id="m5">tests.ListingTests#checkSortProducts</h3><table class="result"><tr><th class="invisible"/></tr></table><p class="totop"><a href="#summary">back to summary</a></p>
<h3 id="m6">tests.ShoppingCartTests#checkMultipleProductsHaveBeenAddedToCart</h3><table class="result"><tr><th class="invisible"/></tr></table><p class="totop"><a href="#summary">back to summary</a></p>
</body>
</html>
