-------------------------------------------------------------------------------
Test set: TestSuite
-------------------------------------------------------------------------------
Tests run: 7, Failures: 4, Errors: 0, Skipped: 0, Time elapsed: 142.642 sec <<< FAILURE! - in TestSuite
checkTransitionToShoppingCart(tests.ShoppingCartTests)  Time elapsed: 21.43 sec  <<< FAILURE!
com.codeborne.selenide.ex.ElementNotFound: Element not found {By.xpath: //div[@class='layout__header']/By.xpath: .//mvid-header-icon[@title='Корзина']//mvid-bubble}
Expected: exist
Screenshot: file:/C:/Users/dspakhomov/IdeaProjects/Mvideo-autotests/build/reports/tests/1682074104004.0.png
Page source: file:/C:/Users/dspakhomov/IdeaProjects/Mvideo-autotests/build/reports/tests/1682074104004.0.html
Timeout: 20 s.
Caused by: NoSuchElementException: no such element: Unable to locate element: {"method":"xpath","selector":".//mvid-header-icon[@title='Корзина']//mvid-bubble"}
	at java.base/jdk.internal.reflect.DirectConstructorHandleAccessor.newInstance(DirectConstructorHandleAccessor.java:67)
	at java.base/java.lang.reflect.Constructor.newInstanceWithCaller(Constructor.java:499)
	at java.base/java.lang.reflect.Constructor.newInstance(Constructor.java:483)
	at org.openqa.selenium.remote.codec.w3c.W3CHttpResponseCodec.createException(W3CHttpResponseCodec.java:200)
	at org.openqa.selenium.remote.codec.w3c.W3CHttpResponseCodec.decode(W3CHttpResponseCodec.java:133)
	at org.openqa.selenium.remote.codec.w3c.W3CHttpResponseCodec.decode(W3CHttpResponseCodec.java:53)
	at org.openqa.selenium.remote.HttpCommandExecutor.execute(HttpCommandExecutor.java:184)
	at org.openqa.selenium.remote.RemoteWebDriver.execute(RemoteWebDriver.java:547)
	at org.openqa.selenium.remote.ElementLocation$ElementFinder$2.findElement(ElementLocation.java:162)
	at org.openqa.selenium.remote.ElementLocation.findElement(ElementLocation.java:60)
	at org.openqa.selenium.remote.RemoteWebDriver.findElement(RemoteWebDriver.java:365)
	at org.openqa.selenium.remote.RemoteWebElement.findElement(RemoteWebElement.java:227)
	at com.codeborne.selenide.impl.WebElementSelector.findElement(WebElementSelector.java:70)
	at com.codeborne.selenide.impl.WebElementSelector.findElement(WebElementSelector.java:44)
	at com.codeborne.selenide.impl.WebElementSelector.findElement(WebElementSelector.java:33)
	at com.codeborne.selenide.impl.ElementFinder.getWebElement(ElementFinder.java:102)
	at com.codeborne.selenide.commands.GetText.execute(GetText.java:29)
	at com.codeborne.selenide.commands.GetText.execute(GetText.java:13)
	at com.codeborne.selenide.commands.Commands.execute(Commands.java:157)
	at com.codeborne.selenide.impl.SelenideElementProxy.dispatchAndRetry(SelenideElementProxy.java:129)
	at com.codeborne.selenide.impl.SelenideElementProxy.invoke(SelenideElementProxy.java:81)
	at jdk.proxy2/jdk.proxy2.$Proxy15.getText(Unknown Source)
	at pages.common.WebElement.getText(WebElement.java:167)
	at pages.common.HeaderBlock.getCartButtonCountNumber(HeaderBlock.java:99)
	at steps.baseSteps.HeaderSteps.checkHeaderCartButtonCountNumber(HeaderSteps.java:76)
	at tests.ShoppingCartTests.checkTransitionToShoppingCart(ShoppingCartTests.java:21)

checkHeaderButtonsActiveAndDisplayed(tests.HomeTests)  Time elapsed: 3.833 sec  <<< FAILURE!
java.lang.AssertionError: expected [false] but found [true]
	at org.testng.Assert.fail(Assert.java:110)
	at org.testng.Assert.failNotEquals(Assert.java:1413)
	at org.testng.Assert.assertEqualsImpl(Assert.java:149)
	at org.testng.Assert.assertEquals(Assert.java:131)
	at org.testng.Assert.assertEquals(Assert.java:976)
	at org.testng.Assert.assertEquals(Assert.java:1010)
	at steps.baseSteps.HeaderSteps.checkIfHeaderCartButtonActive(HeaderSteps.java:43)
	at tests.HomeTests.checkHeaderButtonsActiveAndDisplayed(HomeTests.java:29)

checkMultipleProductsHaveBeenAddedToCart(tests.HomeTests)  Time elapsed: 14.918 sec  <<< FAILURE!
java.lang.AssertionError: expected [true] but found [false]
	at org.testng.Assert.fail(Assert.java:110)
	at org.testng.Assert.failNotEquals(Assert.java:1413)
	at org.testng.Assert.assertTrue(Assert.java:56)
	at org.testng.Assert.assertTrue(Assert.java:66)
	at steps.baseSteps.BaseSteps.checkThatCartTooltipProductDisplayed(BaseSteps.java:133)
	at tests.HomeTests.checkMultipleProductsHaveBeenAddedToCart(HomeTests.java:42)

checkThatProductsAddedToCartWithRequiredQuantityAfterRemove(tests.HomeTests)  Time elapsed: 32.168 sec  <<< FAILURE!
com.codeborne.selenide.ex.ElementNotFound: Element not found {By.xpath: //div[contains(@class, 'item-wrapper')][.//a[text()='Ноутбук игровой ASUS TUF Gaming A15 FA506IHR-US51 90NR07G6-M004F0']]}
Expected: exist
Screenshot: file:/C:/Users/dspakhomov/IdeaProjects/Mvideo-autotests/build/reports/tests/1682074183993.4.png
Page source: file:/C:/Users/dspakhomov/IdeaProjects/Mvideo-autotests/build/reports/tests/1682074183993.4.html
Timeout: 20 s.
Caused by: NoSuchElementException: no such element: Unable to locate element: {"method":"xpath","selector":"//div[contains(@class, 'item-wrapper')][.//a[text()='Ноутбук игровой ASUS TUF Gaming A15 FA506IHR-US51 90NR07G6-M004F0']]"}
	at java.base/jdk.internal.reflect.DirectConstructorHandleAccessor.newInstance(DirectConstructorHandleAccessor.java:67)
	at java.base/java.lang.reflect.Constructor.newInstanceWithCaller(Constructor.java:499)
	at java.base/java.lang.reflect.Constructor.newInstance(Constructor.java:483)
	at org.openqa.selenium.remote.codec.w3c.W3CHttpResponseCodec.createException(W3CHttpResponseCodec.java:200)
	at org.openqa.selenium.remote.codec.w3c.W3CHttpResponseCodec.decode(W3CHttpResponseCodec.java:133)
	at org.openqa.selenium.remote.codec.w3c.W3CHttpResponseCodec.decode(W3CHttpResponseCodec.java:53)
	at org.openqa.selenium.remote.HttpCommandExecutor.execute(HttpCommandExecutor.java:184)
	at org.openqa.selenium.remote.RemoteWebDriver.execute(RemoteWebDriver.java:547)
	at org.openqa.selenium.remote.ElementLocation$ElementFinder$2.findElement(ElementLocation.java:162)
	at org.openqa.selenium.remote.ElementLocation.findElement(ElementLocation.java:60)
	at org.openqa.selenium.remote.RemoteWebDriver.findElement(RemoteWebDriver.java:365)
	at org.openqa.selenium.remote.RemoteWebDriver.findElement(RemoteWebDriver.java:357)
	at com.codeborne.selenide.impl.WebElementSelector.findElement(WebElementSelector.java:70)
	at com.codeborne.selenide.impl.WebElementSelector.findElement(WebElementSelector.java:44)
	at com.codeborne.selenide.impl.WebElementSelector.findElement(WebElementSelector.java:33)
	at com.codeborne.selenide.impl.ElementFinder.getWebElement(ElementFinder.java:102)
	at com.codeborne.selenide.commands.Hover.execute(Hover.java:21)
	at com.codeborne.selenide.commands.Hover.execute(Hover.java:16)
	at com.codeborne.selenide.commands.Commands.execute(Commands.java:157)
	at com.codeborne.selenide.impl.SelenideElementProxy.dispatchAndRetry(SelenideElementProxy.java:129)
	at com.codeborne.selenide.impl.SelenideElementProxy.invoke(SelenideElementProxy.java:81)
	at jdk.proxy2/jdk.proxy2.$Proxy15.hover(Unknown Source)
	at pages.common.WebElement.hover(WebElement.java:127)
	at pages.common.ShoppingCartTooltipBlock.hoverProductContainer(ShoppingCartTooltipBlock.java:29)
	at steps.baseSteps.BaseSteps.hoverProductContainerInCartTooltip(BaseSteps.java:118)
	at tests.HomeTests.checkThatProductsAddedToCartWithRequiredQuantityAfterRemove(HomeTests.java:55)

