<?xml version="1.0" encoding="UTF-8"?>
<!-- Generated by org.testng.reporters.JUnitXMLReporter -->
<testsuite ignored="2" hostname="5CD15013FY" failures="4" tests="7" name="test" time="140.962" errors="0" timestamp="2023-04-21T13:49:58 MSK">
  <testcase classname="tests.ShoppingCartTests" name="checkMultipleProductsHaveBeenAddedToCart" time="14.481"/>
  <testcase classname="tests.ShoppingCartTests" name="checkTransitionToShoppingCart" time="21.006">
    <failure type="com.codeborne.selenide.ex.ElementNotFound" message="Element not found {By.xpath: //div[@class=&amp;apos;layout__header&amp;apos;]/By.xpath: .//mvid-header-icon[@title=&amp;apos;Корзина&amp;apos;]//mvid-bubble}
Expected: exist
Screenshot: file:/C:/Users/dspakhomov/IdeaProjects/Mvideo-autotests/build/reports/tests/1682074104004.0.png
Page source: file:/C:/Users/dspakhomov/IdeaProjects/Mvideo-autotests/build/reports/tests/1682074104004.0.html
Timeout: 20 s.
Caused by: NoSuchElementException: no such element: Unable to locate element: {&amp;quot;method&amp;quot;:&amp;quot;xpath&amp;quot;,&amp;quot;selector&amp;quot;:&amp;quot;.//mvid-header-icon[@title=&amp;apos;Корзина&amp;apos;]//mvid-bubble&amp;quot;}">
      <![CDATA[Element not found {By.xpath: //div[@class='layout__header']/By.xpath: .//mvid-header-icon[@title='Корзина']//mvid-bubble}
Expected: exist
Screenshot: file:/C:/Users/dspakhomov/IdeaProjects/Mvideo-autotests/build/reports/tests/1682074104004.0.png
Page source: file:/C:/Users/dspakhomov/IdeaProjects/Mvideo-autotests/build/reports/tests/1682074104004.0.html
Timeout: 20 s.
Caused by: NoSuchElementException: no such element: Unable to locate element: {"method":"xpath","selector":".//mvid-header-icon[@title='Корзина']//mvid-bubble"}
at com.codeborne.selenide.impl.WebElementSource.createElementNotFoundError(WebElementSource.java:87)
at com.codeborne.selenide.impl.ElementFinder.createElementNotFoundError(ElementFinder.java:122)
at com.codeborne.selenide.impl.ExceptionWrapper.wrap(ExceptionWrapper.java:32)
at com.codeborne.selenide.impl.SelenideElementProxy.dispatchAndRetry(SelenideElementProxy.java:151)
at com.codeborne.selenide.impl.SelenideElementProxy.invoke(SelenideElementProxy.java:81)
at jdk.proxy2/jdk.proxy2.$Proxy15.getText(Unknown Source)
at pages.common.WebElement.getText(WebElement.java:167)
at pages.common.HeaderBlock.getCartButtonCountNumber(HeaderBlock.java:99)
at steps.baseSteps.HeaderSteps.checkHeaderCartButtonCountNumber(HeaderSteps.java:76)
at tests.ShoppingCartTests.checkTransitionToShoppingCart(ShoppingCartTests.java:21)
at java.base/java.util.ArrayList.forEach(ArrayList.java:1511)
Caused by: org.openqa.selenium.NoSuchElementException: no such element: Unable to locate element: {"method":"xpath","selector":".//mvid-header-icon[@title='Корзина']//mvid-bubble"}
  (Session info: chrome=110.0.5481.77)
For documentation on this error, please visit: https://selenium.dev/exceptions/#no_such_element
Build info: version: '4.4.0', revision: 'e5c75ed026a'
System info: host: '5CD15013FY', ip: '192.168.1.36', os.name: 'Windows 10', os.arch: 'amd64', os.version: '10.0', java.version: '18.0.2'
Driver info: org.openqa.selenium.remote.RemoteWebDriver
Command: [903b982f295cb8f1b32ec52e5f2f8399, findChildElement {id=900663d0-7842-4bb9-a60f-fbe719357934, using=xpath, value=.//mvid-header-icon[@title='Корзина']//mvid-bubble}]
Capabilities {acceptInsecureCerts: true, browserName: chrome, browserVersion: 110.0.5481.77, chrome: {chromedriverVersion: 110.0.5481.77 (65ed616c6e8e..., userDataDir: /tmp/.com.google.Chrome.R1sDDh}, goog:chromeOptions: {debuggerAddress: localhost:44109}, networkConnectionEnabled: false, pageLoadStrategy: normal, platformName: LINUX, proxy: Proxy(), setWindowRect: true, strictFileInteractability: false, timeouts: {implicit: 0, pageLoad: 300000, script: 30000}, unhandledPromptBehavior: accept, webauthn:extension:credBlob: true, webauthn:extension:largeBlob: true, webauthn:virtualAuthenticators: true}
Session ID: 903b982f295cb8f1b32ec52e5f2f8399
at org.openqa.selenium.remote.codec.w3c.W3CHttpResponseCodec.createException(W3CHttpResponseCodec.java:200)
at org.openqa.selenium.remote.codec.w3c.W3CHttpResponseCodec.decode(W3CHttpResponseCodec.java:133)
at org.openqa.selenium.remote.codec.w3c.W3CHttpResponseCodec.decode(W3CHttpResponseCodec.java:53)
at org.openqa.selenium.remote.HttpCommandExecutor.execute(HttpCommandExecutor.java:184)
at org.openqa.selenium.remote.RemoteWebDriver.execute(RemoteWebDriver.java:547)
at org.openqa.selenium.remote.ElementLocation$ElementFinder$2.findElement(ElementLocation.java:162)
at org.openqa.selenium.remote.ElementLocation.findElement(ElementLocation.java:60)
at org.openqa.selenium.remote.RemoteWebDriver.findElement(RemoteWebDriver.java:365)
at org.openqa.selenium.remote.RemoteWebElement.findElement(RemoteWebElement.java:227)
at com.codeborne.selenide.impl.WebElementSelector.findElement(WebElementSelector.java:70)
at com.codeborne.selenide.impl.WebElementSelector.findElement(WebElementSelector.java:44)
at com.codeborne.selenide.impl.WebElementSelector.findElement(WebElementSelector.java:33)
at com.codeborne.selenide.impl.ElementFinder.getWebElement(ElementFinder.java:102)
at com.codeborne.selenide.commands.GetText.execute(GetText.java:29)
at com.codeborne.selenide.commands.GetText.execute(GetText.java:13)
at com.codeborne.selenide.commands.Commands.execute(Commands.java:157)
at com.codeborne.selenide.impl.SelenideElementProxy.dispatchAndRetry(SelenideElementProxy.java:129)
... 35 more
... Removed 31 stack frames]]>
    </failure>
  </testcase> <!-- checkTransitionToShoppingCart -->
  <testcase classname="tests.HomeTests" name="checkHeaderButtonsActiveAndDisplayed" time="3.459">
    <failure type="java.lang.AssertionError" message="expected [false] but found [true]">
      <![CDATA[java.lang.AssertionError: expected [false] but found [true]
at steps.baseSteps.HeaderSteps.checkIfHeaderCartButtonActive(HeaderSteps.java:43)
at tests.HomeTests.checkHeaderButtonsActiveAndDisplayed(HomeTests.java:29)
at java.base/java.util.ArrayList.forEach(ArrayList.java:1511)
... Removed 34 stack frames]]>
    </failure>
  </testcase> <!-- checkHeaderButtonsActiveAndDisplayed -->
  <testcase classname="tests.HomeTests" name="checkMultipleProductsHaveBeenAddedToCart" time="14.611">
    <failure type="java.lang.AssertionError" message="expected [true] but found [false]">
      <![CDATA[java.lang.AssertionError: expected [true] but found [false]
at steps.baseSteps.BaseSteps.checkThatCartTooltipProductDisplayed(BaseSteps.java:133)
at tests.HomeTests.checkMultipleProductsHaveBeenAddedToCart(HomeTests.java:42)
at java.base/java.util.ArrayList.forEach(ArrayList.java:1511)
... Removed 32 stack frames]]>
    </failure>
  </testcase> <!-- checkMultipleProductsHaveBeenAddedToCart -->
  <testcase classname="tests.HomeTests" name="checkOpenProductFromMostView" time="9.678"/>
  <testcase classname="tests.HomeTests" name="checkThatProductsAddedToCartWithRequiredQuantityAfterRemove" time="31.837">
    <failure type="com.codeborne.selenide.ex.ElementNotFound" message="Element not found {By.xpath: //div[contains(@class, &amp;apos;item-wrapper&amp;apos;)][.//a[text()=&amp;apos;Ноутбук игровой ASUS TUF Gaming A15 FA506IHR-US51 90NR07G6-M004F0&amp;apos;]]}
Expected: exist
Screenshot: file:/C:/Users/dspakhomov/IdeaProjects/Mvideo-autotests/build/reports/tests/1682074183993.4.png
Page source: file:/C:/Users/dspakhomov/IdeaProjects/Mvideo-autotests/build/reports/tests/1682074183993.4.html
Timeout: 20 s.
Caused by: NoSuchElementException: no such element: Unable to locate element: {&amp;quot;method&amp;quot;:&amp;quot;xpath&amp;quot;,&amp;quot;selector&amp;quot;:&amp;quot;//div[contains(@class, &amp;apos;item-wrapper&amp;apos;)][.//a[text()=&amp;apos;Ноутбук игровой ASUS TUF Gaming A15 FA506IHR-US51 90NR07G6-M004F0&amp;apos;]]&amp;quot;}">
      <![CDATA[Element not found {By.xpath: //div[contains(@class, 'item-wrapper')][.//a[text()='Ноутбук игровой ASUS TUF Gaming A15 FA506IHR-US51 90NR07G6-M004F0']]}
Expected: exist
Screenshot: file:/C:/Users/dspakhomov/IdeaProjects/Mvideo-autotests/build/reports/tests/1682074183993.4.png
Page source: file:/C:/Users/dspakhomov/IdeaProjects/Mvideo-autotests/build/reports/tests/1682074183993.4.html
Timeout: 20 s.
Caused by: NoSuchElementException: no such element: Unable to locate element: {"method":"xpath","selector":"//div[contains(@class, 'item-wrapper')][.//a[text()='Ноутбук игровой ASUS TUF Gaming A15 FA506IHR-US51 90NR07G6-M004F0']]"}
at com.codeborne.selenide.impl.WebElementSource.createElementNotFoundError(WebElementSource.java:87)
at com.codeborne.selenide.impl.ElementFinder.createElementNotFoundError(ElementFinder.java:122)
at com.codeborne.selenide.impl.ExceptionWrapper.wrap(ExceptionWrapper.java:32)
at com.codeborne.selenide.impl.SelenideElementProxy.dispatchAndRetry(SelenideElementProxy.java:151)
at com.codeborne.selenide.impl.SelenideElementProxy.invoke(SelenideElementProxy.java:81)
at jdk.proxy2/jdk.proxy2.$Proxy15.hover(Unknown Source)
at pages.common.WebElement.hover(WebElement.java:127)
at pages.common.ShoppingCartTooltipBlock.hoverProductContainer(ShoppingCartTooltipBlock.java:29)
at steps.baseSteps.BaseSteps.hoverProductContainerInCartTooltip(BaseSteps.java:118)
at tests.HomeTests.checkThatProductsAddedToCartWithRequiredQuantityAfterRemove(HomeTests.java:55)
at java.base/java.util.ArrayList.forEach(ArrayList.java:1511)
Caused by: org.openqa.selenium.NoSuchElementException: no such element: Unable to locate element: {"method":"xpath","selector":"//div[contains(@class, 'item-wrapper')][.//a[text()='Ноутбук игровой ASUS TUF Gaming A15 FA506IHR-US51 90NR07G6-M004F0']]"}
  (Session info: chrome=110.0.5481.77)
For documentation on this error, please visit: https://selenium.dev/exceptions/#no_such_element
Build info: version: '4.4.0', revision: 'e5c75ed026a'
System info: host: '5CD15013FY', ip: '192.168.1.36', os.name: 'Windows 10', os.arch: 'amd64', os.version: '10.0', java.version: '18.0.2'
Driver info: org.openqa.selenium.remote.RemoteWebDriver
Command: [0d9e406d8ccdaf8c58837fc9d88f4efb, findElement {using=xpath, value=//div[contains(@class, 'item-wrapper')][.//a[text()='Ноутбук игровой ASUS TUF Gaming A15 FA506IHR-US51 90NR07G6-M004F0']]}]
Capabilities {acceptInsecureCerts: true, browserName: chrome, browserVersion: 110.0.5481.77, chrome: {chromedriverVersion: 110.0.5481.77 (65ed616c6e8e..., userDataDir: /tmp/.com.google.Chrome.MM9Tq0}, goog:chromeOptions: {debuggerAddress: localhost:45217}, networkConnectionEnabled: false, pageLoadStrategy: normal, platformName: LINUX, proxy: Proxy(), setWindowRect: true, strictFileInteractability: false, timeouts: {implicit: 0, pageLoad: 300000, script: 30000}, unhandledPromptBehavior: accept, webauthn:extension:credBlob: true, webauthn:extension:largeBlob: true, webauthn:virtualAuthenticators: true}
Session ID: 0d9e406d8ccdaf8c58837fc9d88f4efb
at org.openqa.selenium.remote.codec.w3c.W3CHttpResponseCodec.createException(W3CHttpResponseCodec.java:200)
at org.openqa.selenium.remote.codec.w3c.W3CHttpResponseCodec.decode(W3CHttpResponseCodec.java:133)
at org.openqa.selenium.remote.codec.w3c.W3CHttpResponseCodec.decode(W3CHttpResponseCodec.java:53)
at org.openqa.selenium.remote.HttpCommandExecutor.execute(HttpCommandExecutor.java:184)
at org.openqa.selenium.remote.RemoteWebDriver.execute(RemoteWebDriver.java:547)
at org.openqa.selenium.remote.ElementLocation$ElementFinder$2.findElement(ElementLocation.java:162)
at org.openqa.selenium.remote.ElementLocation.findElement(ElementLocation.java:60)
at org.openqa.selenium.remote.RemoteWebDriver.findElement(RemoteWebDriver.java:365)
at org.openqa.selenium.remote.RemoteWebDriver.findElement(RemoteWebDriver.java:357)
at com.codeborne.selenide.impl.WebElementSelector.findElement(WebElementSelector.java:70)
at com.codeborne.selenide.impl.WebElementSelector.findElement(WebElementSelector.java:44)
at com.codeborne.selenide.impl.WebElementSelector.findElement(WebElementSelector.java:33)
at com.codeborne.selenide.impl.ElementFinder.getWebElement(ElementFinder.java:102)
at com.codeborne.selenide.commands.Hover.execute(Hover.java:21)
at com.codeborne.selenide.commands.Hover.execute(Hover.java:16)
at com.codeborne.selenide.commands.Commands.execute(Commands.java:157)
at com.codeborne.selenide.impl.SelenideElementProxy.dispatchAndRetry(SelenideElementProxy.java:129)
... 35 more
... Removed 31 stack frames]]>
    </failure>
  </testcase> <!-- checkThatProductsAddedToCartWithRequiredQuantityAfterRemove -->
  <testcase classname="tests.ListingTests" name="checkSortProducts" time="8.951"/>
  <testcase classname="tests.AbstractTest" name="@BeforeSuite configOptions" time="0.0">
    <ignored/>
  </testcase> <!-- @BeforeSuite configOptions -->
  <testcase classname="tests.AbstractTest" name="@BeforeSuite configOptions" time="0.0">
    <ignored/>
  </testcase> <!-- @BeforeSuite configOptions -->
</testsuite> <!-- test -->
